# JRE version: OpenJDK Runtime Environment (8.0_152) (build 1.8.0_152-release-1343-b16-5323222)
# Java VM: OpenJDK 64-Bit Server VM (25.152-b16-5323222 mixed mode linux-amd64 compressed oops)
Heap:
 PSYoungGen      total 109056K, used 10927K [0x00000000e0000000, 0x00000000e9280000, 0x0000000100000000)
  eden space 97792K, 0% used [0x00000000e0000000,0x00000000e0000000,0x00000000e5f80000)
  from space 11264K, 97% used [0x00000000e7c80000,0x00000000e872bc18,0x00000000e8780000)
  to   space 7680K, 0% used [0x00000000e8b00000,0x00000000e8b00000,0x00000000e9280000)
 ParOldGen       total 64512K, used 10132K [0x00000000a0000000, 0x00000000a3f00000, 0x00000000e0000000)
  object space 64512K, 15% used [0x00000000a0000000,0x00000000a09e52d0,0x00000000a3f00000)
 Metaspace       used 33113K, capacity 33730K, committed 33968K, reserved 1079296K
  class space    used 4564K, capacity 4769K, committed 4784K, reserved 1048576K
GC Heap History (10 events):
Event: 1,251 GC heap after
Heap after GC invocations=3 (full 0):
 PSYoungGen      total 37888K, used 5100K [0x00000000e0000000, 0x00000000e4a00000, 0x0000000100000000)
  eden space 32768K, 0% used [0x00000000e0000000,0x00000000e0000000,0x00000000e2000000)
  from space 5120K, 99% used [0x00000000e2000000,0x00000000e24fb0a0,0x00000000e2500000)
  to   space 5120K, 0% used [0x00000000e4500000,0x00000000e4500000,0x00000000e4a00000)
 ParOldGen       total 86016K, used 1879K [0x00000000a0000000, 0x00000000a5400000, 0x00000000e0000000)
  object space 86016K, 2% used [0x00000000a0000000,0x00000000a01d5fe0,0x00000000a5400000)
 Metaspace       used 13536K, capacity 13822K, committed 14080K, reserved 1060864K
  class space    used 1879K, capacity 2029K, committed 2048K, reserved 1048576K
}
Event: 1,497 GC heap before
{Heap before GC invocations=4 (full 0):
 PSYoungGen      total 37888K, used 37868K [0x00000000e0000000, 0x00000000e4a00000, 0x0000000100000000)
  eden space 32768K, 100% used [0x00000000e0000000,0x00000000e2000000,0x00000000e2000000)
  from space 5120K, 99% used [0x00000000e2000000,0x00000000e24fb0a0,0x00000000e2500000)
  to   space 5120K, 0% used [0x00000000e4500000,0x00000000e4500000,0x00000000e4a00000)
 ParOldGen       total 86016K, used 1879K [0x00000000a0000000, 0x00000000a5400000, 0x00000000e0000000)
  object space 86016K, 2% used [0x00000000a0000000,0x00000000a01d5fe0,0x00000000a5400000)
 Metaspace       used 16192K, capacity 16526K, committed 16896K, reserved 1062912K
  class space    used 2332K, capacity 2487K, committed 2560K, reserved 1048576K
Event: 1,508 GC heap after
Heap after GC invocations=4 (full 0):
 PSYoungGen      total 70656K, used 5088K [0x00000000e0000000, 0x00000000e4a00000, 0x0000000100000000)
  eden space 65536K, 0% used [0x00000000e0000000,0x00000000e0000000,0x00000000e4000000)
  from space 5120K, 99% used [0x00000000e4500000,0x00000000e49f8030,0x00000000e4a00000)
  to   space 5120K, 0% used [0x00000000e4000000,0x00000000e4000000,0x00000000e4500000)
 ParOldGen       total 86016K, used 4853K [0x00000000a0000000, 0x00000000a5400000, 0x00000000e0000000)
  object space 86016K, 5% used [0x00000000a0000000,0x00000000a04bd7f8,0x00000000a5400000)
 Metaspace       used 16192K, capacity 16526K, committed 16896K, reserved 1062912K
  class space    used 2332K, capacity 2487K, committed 2560K, reserved 1048576K
}
Event: 2,078 GC heap before
{Heap before GC invocations=5 (full 0):
 PSYoungGen      total 70656K, used 43515K [0x00000000e0000000, 0x00000000e4a00000, 0x0000000100000000)
  eden space 65536K, 58% used [0x00000000e0000000,0x00000000e2586c80,0x00000000e4000000)
  from space 5120K, 99% used [0x00000000e4500000,0x00000000e49f8030,0x00000000e4a00000)
  to   space 5120K, 0% used [0x00000000e4000000,0x00000000e4000000,0x00000000e4500000)
 ParOldGen       total 86016K, used 4853K [0x00000000a0000000, 0x00000000a5400000, 0x00000000e0000000)
  object space 86016K, 5% used [0x00000000a0000000,0x00000000a04bd7f8,0x00000000a5400000)
 Metaspace       used 20716K, capacity 21180K, committed 21296K, reserved 1067008K
  class space    used 2895K, capacity 3086K, committed 3120K, reserved 1048576K
Event: 2,094 GC heap after
Heap after GC invocations=5 (full 0):
 PSYoungGen      total 70656K, used 5088K [0x00000000e0000000, 0x00000000e9600000, 0x0000000100000000)
  eden space 65536K, 0% used [0x00000000e0000000,0x00000000e0000000,0x00000000e4000000)
  from space 5120K, 99% used [0x00000000e4000000,0x00000000e44f8060,0x00000000e4500000)
  to   space 11264K, 0% used [0x00000000e8b00000,0x00000000e8b00000,0x00000000e9600000)
 ParOldGen       total 86016K, used 9813K [0x00000000a0000000, 0x00000000a5400000, 0x00000000e0000000)
  object space 86016K, 11% used [0x00000000a0000000,0x00000000a0995618,0x00000000a5400000)
 Metaspace       used 20716K, capacity 21180K, committed 21296K, reserved 1067008K
  class space    used 2895K, capacity 3086K, committed 3120K, reserved 1048576K
}
Event: 2,094 GC heap before
{Heap before GC invocations=6 (full 1):
 PSYoungGen      total 70656K, used 5088K [0x00000000e0000000, 0x00000000e9600000, 0x0000000100000000)
  eden space 65536K, 0% used [0x00000000e0000000,0x00000000e0000000,0x00000000e4000000)
  from space 5120K, 99% used [0x00000000e4000000,0x00000000e44f8060,0x00000000e4500000)
  to   space 11264K, 0% used [0x00000000e8b00000,0x00000000e8b00000,0x00000000e9600000)
 ParOldGen       total 86016K, used 9813K [0x00000000a0000000, 0x00000000a5400000, 0x00000000e0000000)
  object space 86016K, 11% used [0x00000000a0000000,0x00000000a0995618,0x00000000a5400000)
 Metaspace       used 20716K, capacity 21180K, committed 21296K, reserved 1067008K
  class space    used 2895K, capacity 3086K, committed 3120K, reserved 1048576K
Event: 2,130 GC heap after
Heap after GC invocations=6 (full 1):
 PSYoungGen      total 70656K, used 0K [0x00000000e0000000, 0x00000000e9600000, 0x0000000100000000)
  eden space 65536K, 0% used [0x00000000e0000000,0x00000000e0000000,0x00000000e4000000)
  from space 5120K, 0% used [0x00000000e4000000,0x00000000e4000000,0x00000000e4500000)
  to   space 11264K, 0% used [0x00000000e8b00000,0x00000000e8b00000,0x00000000e9600000)
 ParOldGen       total 64512K, used 10116K [0x00000000a0000000, 0x00000000a3f00000, 0x00000000e0000000)
  object space 64512K, 15% used [0x00000000a0000000,0x00000000a09e12d0,0x00000000a3f00000)
 Metaspace       used 20716K, capacity 21180K, committed 21296K, reserved 1067008K
  class space    used 2895K, capacity 3086K, committed 3120K, reserved 1048576K
}
Event: 3,741 GC heap before
{Heap before GC invocations=7 (full 1):
 PSYoungGen      total 70656K, used 65536K [0x00000000e0000000, 0x00000000e9600000, 0x0000000100000000)
  eden space 65536K, 100% used [0x00000000e0000000,0x00000000e4000000,0x00000000e4000000)
  from space 5120K, 0% used [0x00000000e4000000,0x00000000e4000000,0x00000000e4500000)
  to   space 11264K, 0% used [0x00000000e8b00000,0x00000000e8b00000,0x00000000e9600000)
 ParOldGen       total 64512K, used 10116K [0x00000000a0000000, 0x00000000a3f00000, 0x00000000e0000000)
  object space 64512K, 15% used [0x00000000a0000000,0x00000000a09e12d0,0x00000000a3f00000)
 Metaspace       used 28512K, capacity 29012K, committed 29360K, reserved 1075200K
  class space    used 3836K, capacity 4001K, committed 4016K, reserved 1048576K
Event: 3,759 GC heap after
Heap after GC invocations=7 (full 1):
 PSYoungGen      total 105472K, used 7673K [0x00000000e0000000, 0x00000000e9280000, 0x0000000100000000)
  eden space 97792K, 0% used [0x00000000e0000000,0x00000000e0000000,0x00000000e5f80000)
  from space 7680K, 99% used [0x00000000e8b00000,0x00000000e927e610,0x00000000e9280000)
  to   space 11264K, 0% used [0x00000000e7c80000,0x00000000e7c80000,0x00000000e8780000)
 ParOldGen       total 64512K, used 10124K [0x00000000a0000000, 0x00000000a3f00000, 0x00000000e0000000)
  object space 64512K, 15% used [0x00000000a0000000,0x00000000a09e32d0,0x00000000a3f00000)
 Metaspace       used 28512K, capacity 29012K, committed 29360K, reserved 1075200K
  class space    used 3836K, capacity 4001K, committed 4016K, reserved 1048576K
}
Event: 11,473 GC heap before
{Heap before GC invocations=8 (full 1):
 PSYoungGen      total 105472K, used 105465K [0x00000000e0000000, 0x00000000e9280000, 0x0000000100000000)
  eden space 97792K, 100% used [0x00000000e0000000,0x00000000e5f80000,0x00000000e5f80000)
  from space 7680K, 99% used [0x00000000e8b00000,0x00000000e927e610,0x00000000e9280000)
  to   space 11264K, 0% used [0x00000000e7c80000,0x00000000e7c80000,0x00000000e8780000)
 ParOldGen       total 64512K, used 10124K [0x00000000a0000000, 0x00000000a3f00000, 0x00000000e0000000)
  object space 64512K, 15% used [0x00000000a0000000,0x00000000a09e32d0,0x00000000a3f00000)
 Metaspace       used 33113K, capacity 33730K, committed 33968K, reserved 1079296K
  class space    used 4564K, capacity 4769K, committed 4784K, reserved 1048576K

